\BOOKMARK [0][-]{section*.1}{\376\377\000A\000b\000s\000t\000r\000a\000c\000t}{}% 1
\BOOKMARK [0][-]{section*.2}{\376\377\000A\000c\000k\000n\000o\000w\000l\000e\000d\000g\000e\000m\000e\000n\000t\000s}{}% 2
\BOOKMARK [0][-]{chapter.9}{\376\377\000I\000n\000t\000r\000o\000d\000u\000c\000t\000i\000o\000n}{}% 3
\BOOKMARK [1][-]{section.10}{\376\377\000B\000i\000o\000l\000o\000g\000i\000c\000a\000l\000\040\000b\000a\000c\000k\000g\000r\000o\000u\000n\000d}{chapter.9}% 4
\BOOKMARK [1][-]{section.12}{\376\377\000L\000i\000t\000e\000r\000a\000t\000u\000r\000e\000\040\000r\000e\000v\000i\000e\000w}{chapter.9}% 5
\BOOKMARK [1][-]{section.13}{\376\377\000M\000o\000t\000i\000v\000a\000t\000i\000o\000n}{chapter.9}% 6
\BOOKMARK [0][-]{chapter.14}{\376\377\000M\000e\000t\000h\000o\000d\000s}{}% 7
\BOOKMARK [1][-]{section.15}{\376\377\000D\000a\000t\000a\000\040\000s\000e\000t}{chapter.14}% 8
\BOOKMARK [1][-]{section.16}{\376\377\000E\000x\000p\000e\000r\000i\000m\000e\000n\000t\000a\000l\000\040\000s\000e\000t\000u\000p}{chapter.14}% 9
\BOOKMARK [1][-]{section.18}{\376\377\000I\000m\000a\000g\000e\000\040\000p\000r\000o\000c\000e\000s\000s\000i\000n\000g}{chapter.14}% 10
\BOOKMARK [2][-]{subsection.19}{\376\377\000D\000i\000g\000i\000t\000a\000l\000\040\000i\000m\000a\000g\000e\000s}{section.18}% 11
\BOOKMARK [2][-]{subsection.20}{\376\377\000O\000n\000\040\000s\000p\000a\000t\000i\000a\000l\000\040\000r\000e\000s\000o\000l\000u\000t\000i\000o\000n\000,\000\040\000g\000r\000a\000y\000\040\000l\000e\000v\000e\000l\000s\000\040\000a\000n\000d\000\040\000c\000o\000l\000o\000u\000r\000e\000d\000\040\000i\000m\000a\000g\000e\000s}{section.18}% 12
\BOOKMARK [2][-]{subsection.21}{\376\377\000I\000m\000a\000g\000e\000\040\000p\000r\000o\000c\000e\000s\000s\000i\000n\000g\000\040\000o\000p\000e\000r\000a\000t\000i\000o\000n\000s}{section.18}% 13
\BOOKMARK [1][-]{section.22}{\376\377\000M\000A\000T\000L\000A\000B\000\040\000a\000s\000\040\000a\000\040\000p\000r\000o\000g\000r\000a\000m\000m\000i\000n\000g\000\040\000l\000a\000n\000g\000u\000a\000g\000e}{chapter.14}% 14
\BOOKMARK [1][-]{section.23}{\376\377\000P\000r\000e\000-\000p\000r\000o\000c\000e\000s\000s\000i\000n\000g\000:\000\040\000G\000e\000t\000t\000i\000n\000g\000\040\000t\000h\000e\000\040\000r\000o\000o\000t\000'\000s\000\040\000s\000k\000e\000l\000e\000t\000o\000n}{chapter.14}% 15
\BOOKMARK [1][-]{section.24}{\376\377\000C\000o\000m\000p\000u\000t\000i\000n\000g\000\040\000t\000h\000e\000\040\000a\000n\000g\000l\000e}{chapter.14}% 16
\BOOKMARK [2][-]{subsection.28}{\376\377\000C\000o\000m\000p\000u\000t\000i\000n\000g\000\040\000t\000h\000e\000\040\000c\000u\000r\000v\000a\000t\000u\000r\000e\000\040\000o\000f\000\040\000t\000h\000e\000\040\000r\000o\000o\000t\000\040\000t\000i\000p}{section.24}% 17
\BOOKMARK [0][-]{chapter.29}{\376\377\000R\000e\000s\000u\000l\000t\000s}{}% 18
\BOOKMARK [1][-]{section.30}{\376\377\000K\000e\000y\000\040\000f\000e\000a\000t\000u\000r\000e\000s}{chapter.29}% 19
\BOOKMARK [2][-]{subsection.31}{\376\377\000G\000r\000a\000p\000h\000i\000c\000a\000l\000\040\000U\000s\000e\000r\000\040\000I\000n\000t\000e\000r\000f\000a\000c\000e}{section.30}% 20
\BOOKMARK [2][-]{subsection.32}{\376\377\000H\000a\000n\000d\000l\000i\000n\000g\000\040\000u\000s\000e\000r\000'\000s\000\040\000m\000i\000s\000t\000a\000k\000e\000s}{section.30}% 21
\BOOKMARK [2][-]{subsection.33}{\376\377\000U\000s\000e\000r\000\040\000i\000n\000t\000e\000r\000a\000c\000t\000i\000o\000n\000\040\000a\000n\000d\000\040\000o\000p\000t\000i\000o\000n\000a\000l\000\040\000s\000t\000e\000p\000s}{section.30}% 22
\BOOKMARK [2][-]{subsection.34}{\376\377\000D\000r\000a\000w\000i\000n\000g\000\040\000t\000h\000e\000\040\000a\000n\000g\000l\000e}{section.30}% 23
\BOOKMARK [1][-]{section.35}{\376\377\000W\000o\000r\000k\000f\000l\000o\000w\000\040\000o\000f\000\040\000r\000o\000o\000t\000\040\000s\000k\000e\000l\000e\000t\000o\000n\000i\000s\000a\000t\000i\000o\000n\000\040\040\023\000\040\000e\000x\000p\000l\000a\000i\000n\000e\000d\000\040\000o\000n\000\040\000G\000U\000I}{chapter.29}% 24
\BOOKMARK [1][-]{section.37}{\376\377\000C\000o\000m\000p\000o\000n\000e\000n\000t\000s\000\040\000o\000f\000\040\000t\000h\000e\000\040\000G\000U\000I}{chapter.29}% 25
\BOOKMARK [1][-]{section.39}{\376\377\000V\000a\000l\000i\000d\000a\000t\000i\000o\000n\000:\000\040\000C\000o\000m\000p\000a\000r\000i\000n\000g\000\040\000t\000h\000e\000\040\000a\000u\000t\000o\000m\000a\000t\000e\000d\000\040\000c\000a\000l\000c\000u\000l\000a\000t\000e\000d\000\040\000a\000n\000g\000l\000e\000s\000\040\000w\000i\000t\000h\000\040\000t\000h\000e\000\040\000m\000a\000n\000u\000a\000l\000l\000y\000\040\000c\000a\000l\000c\000u\000l\000a\000t\000e\000d\000\040\000a\000n\000g\000l\000e\000s}{chapter.29}% 26
\BOOKMARK [0][-]{chapter.42}{\376\377\000D\000i\000s\000c\000u\000s\000s\000i\000o\000n}{}% 27
\BOOKMARK [1][-]{section.43}{\376\377\000V\000a\000l\000i\000d\000a\000t\000i\000o\000n\000\040\000o\000n\000\040\000m\000o\000r\000e\000\040\000i\000m\000a\000g\000e\000s}{chapter.42}% 28
\BOOKMARK [1][-]{section.44}{\376\377\000C\000h\000a\000l\000l\000e\000n\000g\000e\000s\000\040\000a\000n\000d\000\040\000l\000i\000m\000i\000t\000a\000t\000i\000o\000n\000s\000\040\000o\000f\000\040\000R\000o\000o\000t\000S\000k\000e\000l}{chapter.42}% 29
\BOOKMARK [2][-]{subsection.45}{\376\377\000N\000o\000n\000-\000p\000l\000a\000n\000a\000r\000\040\000r\000o\000o\000t}{section.44}% 30
\BOOKMARK [2][-]{subsection.46}{\376\377\000S\000k\000e\000l\000e\000t\000o\000n\000i\000s\000a\000t\000i\000o\000n\000\040\000o\000f\000\040\000t\000h\000e\000\040\000r\000o\000o\000t}{section.44}% 31
\BOOKMARK [2][-]{subsection.47}{\376\377\000C\000h\000a\000l\000l\000e\000n\000g\000i\000n\000g\000\040\000i\000m\000a\000g\000e\000s}{section.44}% 32
\BOOKMARK [2][-]{subsection.48}{\376\377\000S\000c\000a\000l\000a\000b\000i\000l\000i\000t\000y\000\040\000a\000n\000d\000\040\000r\000e\000p\000r\000o\000d\000u\000c\000a\000b\000i\000l\000i\000t\000y}{section.44}% 33
\BOOKMARK [2][-]{subsection.49}{\376\377\000H\000i\000g\000h\000\040\000u\000s\000e\000r\000-\000i\000n\000t\000e\000r\000a\000c\000t\000i\000o\000n}{section.44}% 34
\BOOKMARK [1][-]{section.50}{\376\377\000F\000u\000r\000t\000h\000e\000r\000\040\000w\000o\000r\000k}{chapter.42}% 35
\BOOKMARK [2][-]{subsection.51}{\376\377\000U\000s\000e\000\040\000m\000o\000r\000e\000\040\000s\000h\000a\000p\000e\000-\000b\000a\000s\000e\000d\000\040\000f\000i\000l\000t\000e\000r\000s}{section.50}% 36
\BOOKMARK [2][-]{subsection.52}{\376\377\000E\000f\000f\000e\000c\000t\000i\000v\000e\000\040\000n\000o\000i\000s\000e\000\040\000r\000e\000d\000u\000c\000t\000i\000o\000n}{section.50}% 37
\BOOKMARK [2][-]{subsection.53}{\376\377\000L\000e\000s\000s\000\040\000u\000s\000e\000r\000\040\000i\000n\000p\000u\000t\000\040\000u\000p\000\040\000t\000o\000\040\000a\000u\000t\000o\000m\000a\000t\000i\000s\000a\000t\000i\000o\000n}{section.50}% 38
\BOOKMARK [2][-]{subsection.54}{\376\377\000R\000o\000b\000u\000s\000t\000n\000e\000s\000s}{section.50}% 39
\BOOKMARK [3][-]{section*.55}{\376\377\000A\000d\000a\000p\000t\000i\000v\000e\000\040\000t\000h\000r\000e\000s\000h\000o\000l\000d\000i\000n\000g}{subsection.54}% 40
\BOOKMARK [2][-]{subsection.56}{\376\377\000M\000a\000i\000n\000t\000e\000n\000a\000n\000c\000e\000\040\000a\000n\000d\000\040\000b\000u\000g\000\040\000f\000i\000x\000i\000n\000g}{section.50}% 41
\BOOKMARK [2][-]{subsection.57}{\376\377\000M\000o\000r\000e\000\040\000f\000e\000a\000t\000u\000r\000e\000s}{section.50}% 42
\BOOKMARK [2][-]{subsection.58}{\376\377\000O\000t\000h\000e\000r\000\040\000p\000r\000o\000g\000r\000a\000m\000m\000i\000n\000g\000\040\000l\000a\000n\000g\000u\000a\000g\000e\000s}{section.50}% 43
\BOOKMARK [2][-]{subsection.59}{\376\377\000O\000t\000h\000e\000r\000\040\000w\000a\000y\000s\000\040\000o\000f\000\040\000c\000u\000r\000v\000a\000t\000u\000r\000e\000\040\000a\000n\000d\000\040\000a\000n\000g\000l\000e\000\040\000m\000e\000a\000s\000u\000r\000i\000n\000g}{section.50}% 44
\BOOKMARK [2][-]{subsection.60}{\376\377\000E\000r\000r\000o\000r\000\040\000q\000u\000a\000n\000t\000i\000f\000i\000c\000a\000t\000i\000o\000n\000\040\000i\000n\000\040\000t\000h\000e\000\040\000a\000n\000g\000l\000e\000\040\000c\000o\000m\000p\000u\000t\000a\000t\000i\000o\000n}{section.50}% 45
\BOOKMARK [1][-]{section.61}{\376\377\000B\000r\000o\000a\000d\000e\000r\000\040\000a\000p\000p\000l\000i\000c\000a\000t\000i\000o\000n\000\040\000o\000f\000\040\000t\000h\000i\000s\000\040\000t\000o\000o\000l}{chapter.42}% 46
\BOOKMARK [0][-]{chapter.62}{\376\377\000C\000o\000n\000c\000l\000u\000s\000i\000o\000n}{}% 47
\BOOKMARK [0][-]{appendix.63}{\376\377\000O\000n\000\040\000t\000h\000e\000\040\000d\000a\000t\000a\000\040\000s\000e\000t}{}% 48
\BOOKMARK [1][-]{section.64}{\376\377\000S\000u\000g\000g\000e\000s\000t\000i\000o\000n\000s\000\040\000f\000o\000r\000\040\000f\000u\000t\000u\000r\000e\000\040\000d\000a\000t\000a\000\040\000a\000c\000q\000u\000i\000s\000i\000t\000i\000o\000n}{appendix.63}% 49
\BOOKMARK [2][-]{subsection.65}{\376\377\000S\000t\000a\000b\000l\000e\000\040\000c\000o\000n\000d\000i\000t\000i\000o\000n\000s\000\040\000i\000n\000\040\000t\000h\000e\000\040\000e\000x\000p\000e\000r\000i\000m\000e\000n\000t}{section.64}% 50
\BOOKMARK [2][-]{subsection.66}{\376\377\000N\000o\000\040\000o\000b\000j\000e\000c\000t\000s\000\040\000i\000n\000t\000e\000r\000f\000e\000r\000i\000n\000g\000\040\000w\000i\000t\000h\000\040\000t\000h\000e\000\040\000o\000b\000j\000e\000c\000t\000\040\000o\000f\000\040\000i\000n\000t\000e\000r\000e\000s\000t}{section.64}% 51
\BOOKMARK [2][-]{subsection.67}{\376\377\000I\000n\000c\000r\000e\000a\000s\000e\000\040\000o\000f\000\040\000t\000h\000e\000\040\000c\000o\000n\000t\000r\000a\000s\000t}{section.64}% 52
\BOOKMARK [2][-]{subsection.68}{\376\377\000H\000i\000g\000h\000e\000r\000\040\000r\000e\000s\000o\000l\000u\000t\000i\000o\000n}{section.64}% 53
\BOOKMARK [0][-]{appendix.69}{\376\377\000M\000a\000n\000u\000a\000l\000\040\000o\000f\000\040\000R\000o\000o\000t\000S\000k\000e\000l}{}% 54
