This is pdfTeX, Version 3.14159265-2.6-1.40.17 (TeX Live 2016) (preloaded format=pdflatex 2016.6.28)  6 SEP 2018 10:22
entering extended mode
 restricted \write18 enabled.
 %&-line parsing enabled.
**manual.tex
(./manual.tex
LaTeX2e <2016/03/31>
Babel <3.9r> and hyphenation patterns for 83 language(s) loaded.
(/usr/local/texlive/2016/texmf-dist/tex/latex/base/article.cls
Document Class: article 2014/09/29 v1.4h Standard LaTeX document class
(/usr/local/texlive/2016/texmf-dist/tex/latex/base/size11.clo
File: size11.clo 2014/09/29 v1.4h Standard LaTeX file (size option)
)
\c@part=\count79
\c@section=\count80
\c@subsection=\count81
\c@subsubsection=\count82
\c@paragraph=\count83
\c@subparagraph=\count84
\c@figure=\count85
\c@table=\count86
\abovecaptionskip=\skip41
\belowcaptionskip=\skip42
\bibindent=\dimen102
)
(/usr/local/texlive/2016/texmf-dist/tex/latex/comment/comment.sty
\CommentStream=\write3

Excluding comment 'comment')
(/usr/local/texlive/2016/texmf-dist/tex/latex/lipsum/lipsum.sty
Package: lipsum 2014/07/27 v1.3 150 paragraphs of Lorem Ipsum dummy text
\c@lips@count=\count87
)
(/usr/local/texlive/2016/texmf-dist/tex/latex/preprint/fullpage.sty
Package: fullpage 1999/02/23 1.1 (PWD)
\FP@margin=\skip43
)
(/usr/local/texlive/2016/texmf-dist/tex/latex/float/float.sty
Package: float 2001/11/08 v1.3d Float enhancements (AL)
\c@float@type=\count88
\float@exts=\toks14
\float@box=\box26
\@float@everytoks=\toks15
\@floatcapt=\box27
)
(/usr/local/texlive/2016/texmf-dist/tex/latex/hyperref/hyperref.sty
Package: hyperref 2016/05/05 v6.83n Hypertext links for LaTeX

(/usr/local/texlive/2016/texmf-dist/tex/generic/oberdiek/hobsub-hyperref.sty
Package: hobsub-hyperref 2016/05/16 v1.14 Bundle oberdiek, subset hyperref (HO)


(/usr/local/texlive/2016/texmf-dist/tex/generic/oberdiek/hobsub-generic.sty
Package: hobsub-generic 2016/05/16 v1.14 Bundle oberdiek, subset generic (HO)
Package: hobsub 2016/05/16 v1.14 Construct package bundles (HO)
Package: infwarerr 2016/05/16 v1.4 Providing info/warning/error messages (HO)
Package: ltxcmds 2016/05/16 v1.23 LaTeX kernel commands for general use (HO)
Package: ifluatex 2016/05/16 v1.4 Provides the ifluatex switch (HO)
Package ifluatex Info: LuaTeX not detected.
Package: ifvtex 2016/05/16 v1.6 Detect VTeX and its facilities (HO)
Package ifvtex Info: VTeX not detected.
Package: intcalc 2016/05/16 v1.2 Expandable calculations with integers (HO)
Package: ifpdf 2016/05/14 v3.1 Provides the ifpdf switch
Package: etexcmds 2016/05/16 v1.6 Avoid name clashes with e-TeX commands (HO)
Package etexcmds Info: Could not find \expanded.
(etexcmds)             That can mean that you are not using pdfTeX 1.50 or
(etexcmds)             that some package has redefined \expanded.
(etexcmds)             In the latter case, load this package earlier.
Package: kvsetkeys 2016/05/16 v1.17 Key value parser (HO)
Package: kvdefinekeys 2016/05/16 v1.4 Define keys (HO)
Package: pdftexcmds 2016/05/10 v0.21 Utility functions of pdfTeX for LuaTeX (HO
)
Package pdftexcmds Info: LuaTeX not detected.
Package pdftexcmds Info: \pdf@primitive is available.
Package pdftexcmds Info: \pdf@ifprimitive is available.
Package pdftexcmds Info: \pdfdraftmode found.
Package: pdfescape 2016/05/16 v1.14 Implements pdfTeX's escape features (HO)
Package: bigintcalc 2016/05/16 v1.4 Expandable calculations on big integers (HO
)
Package: bitset 2016/05/16 v1.2 Handle bit-vector datatype (HO)
Package: uniquecounter 2016/05/16 v1.3 Provide unlimited unique counter (HO)
)
Package hobsub Info: Skipping package `hobsub' (already loaded).
Package: letltxmacro 2016/05/16 v1.5 Let assignment for LaTeX macros (HO)
Package: hopatch 2016/05/16 v1.3 Wrapper for package hooks (HO)
Package: xcolor-patch 2016/05/16 xcolor patch
Package: atveryend 2016/05/16 v1.9 Hooks at the very end of document (HO)
Package atveryend Info: \enddocument detected (standard20110627).
Package: atbegshi 2016/05/16 v1.17 At begin shipout hook (HO)
Package: refcount 2016/05/16 v3.5 Data extraction from label references (HO)
Package: hycolor 2016/05/16 v1.8 Color options for hyperref/bookmark (HO)
)
(/usr/local/texlive/2016/texmf-dist/tex/latex/graphics/keyval.sty
Package: keyval 2014/10/28 v1.15 key=value parser (DPC)
\KV@toks@=\toks16
)
(/usr/local/texlive/2016/texmf-dist/tex/generic/ifxetex/ifxetex.sty
Package: ifxetex 2010/09/12 v0.6 Provides ifxetex conditional
)
(/usr/local/texlive/2016/texmf-dist/tex/latex/oberdiek/auxhook.sty
Package: auxhook 2016/05/16 v1.4 Hooks for auxiliary files (HO)
)
(/usr/local/texlive/2016/texmf-dist/tex/latex/oberdiek/kvoptions.sty
Package: kvoptions 2016/05/16 v3.12 Key value format for package options (HO)
)
\@linkdim=\dimen103
\Hy@linkcounter=\count89
\Hy@pagecounter=\count90

(/usr/local/texlive/2016/texmf-dist/tex/latex/hyperref/pd1enc.def
File: pd1enc.def 2016/05/05 v6.83n Hyperref: PDFDocEncoding definition (HO)
)
\Hy@SavedSpaceFactor=\count91

(/usr/local/texlive/2016/texmf-dist/tex/latex/latexconfig/hyperref.cfg
File: hyperref.cfg 2002/06/06 v1.2 hyperref configuration of TeXLive
)
Package hyperref Info: Hyper figures OFF on input line 4446.
Package hyperref Info: Link nesting OFF on input line 4451.
Package hyperref Info: Hyper index ON on input line 4454.
Package hyperref Info: Plain pages OFF on input line 4461.
Package hyperref Info: Backreferencing OFF on input line 4466.
Package hyperref Info: Implicit mode ON; LaTeX internals redefined.
Package hyperref Info: Bookmarks ON on input line 4691.
\c@Hy@tempcnt=\count92

(/usr/local/texlive/2016/texmf-dist/tex/latex/url/url.sty
\Urlmuskip=\muskip10
Package: url 2013/09/16  ver 3.4  Verb mode for urls, etc.
)
LaTeX Info: Redefining \url on input line 5044.
\XeTeXLinkMargin=\dimen104
\Fld@menulength=\count93
\Field@Width=\dimen105
\Fld@charsize=\dimen106
Package hyperref Info: Hyper figures OFF on input line 6298.
Package hyperref Info: Link nesting OFF on input line 6303.
Package hyperref Info: Hyper index ON on input line 6306.
Package hyperref Info: backreferencing OFF on input line 6313.
Package hyperref Info: Link coloring OFF on input line 6318.
Package hyperref Info: Link coloring with OCG OFF on input line 6323.
Package hyperref Info: PDF/A mode OFF on input line 6328.
LaTeX Info: Redefining \ref on input line 6368.
LaTeX Info: Redefining \pageref on input line 6372.
\Hy@abspage=\count94
\c@Item=\count95
\c@Hfootnote=\count96
)

Package hyperref Message: Driver (autodetected): hpdftex.

(/usr/local/texlive/2016/texmf-dist/tex/latex/hyperref/hpdftex.def
File: hpdftex.def 2016/05/05 v6.83n Hyperref driver for pdfTeX
\Fld@listcount=\count97
\c@bookmark@seq@number=\count98

(/usr/local/texlive/2016/texmf-dist/tex/latex/oberdiek/rerunfilecheck.sty
Package: rerunfilecheck 2016/05/16 v1.8 Rerun checks for auxiliary files (HO)
Package uniquecounter Info: New unique counter `rerunfilecheck' on input line 2
82.
)
\Hy@SectionHShift=\skip44
)
(/usr/local/texlive/2016/texmf-dist/tex/latex/base/inputenc.sty
Package: inputenc 2015/03/17 v1.2c Input encoding file
\inpenc@prehook=\toks17
\inpenc@posthook=\toks18

(/usr/local/texlive/2016/texmf-dist/tex/latex/base/utf8.def
File: utf8.def 2016/02/28 v1.1s UTF-8 support for inputenc
Now handling font encoding OML ...
... no UTF-8 mapping file for font encoding OML
Now handling font encoding T1 ...
... processing UTF-8 mapping file for font encoding T1

(/usr/local/texlive/2016/texmf-dist/tex/latex/base/t1enc.dfu
File: t1enc.dfu 2016/02/28 v1.1s UTF-8 support for inputenc
   defining Unicode char U+00A0 (decimal 160)
   defining Unicode char U+00A1 (decimal 161)
   defining Unicode char U+00A3 (decimal 163)
   defining Unicode char U+00AB (decimal 171)
   defining Unicode char U+00AD (decimal 173)
   defining Unicode char U+00BB (decimal 187)
   defining Unicode char U+00BF (decimal 191)
   defining Unicode char U+00C0 (decimal 192)
   defining Unicode char U+00C1 (decimal 193)
   defining Unicode char U+00C2 (decimal 194)
   defining Unicode char U+00C3 (decimal 195)
   defining Unicode char U+00C4 (decimal 196)
   defining Unicode char U+00C5 (decimal 197)
   defining Unicode char U+00C6 (decimal 198)
   defining Unicode char U+00C7 (decimal 199)
   defining Unicode char U+00C8 (decimal 200)
   defining Unicode char U+00C9 (decimal 201)
   defining Unicode char U+00CA (decimal 202)
   defining Unicode char U+00CB (decimal 203)
   defining Unicode char U+00CC (decimal 204)
   defining Unicode char U+00CD (decimal 205)
   defining Unicode char U+00CE (decimal 206)
   defining Unicode char U+00CF (decimal 207)
   defining Unicode char U+00D0 (decimal 208)
   defining Unicode char U+00D1 (decimal 209)
   defining Unicode char U+00D2 (decimal 210)
   defining Unicode char U+00D3 (decimal 211)
   defining Unicode char U+00D4 (decimal 212)
   defining Unicode char U+00D5 (decimal 213)
   defining Unicode char U+00D6 (decimal 214)
   defining Unicode char U+00D8 (decimal 216)
   defining Unicode char U+00D9 (decimal 217)
   defining Unicode char U+00DA (decimal 218)
   defining Unicode char U+00DB (decimal 219)
   defining Unicode char U+00DC (decimal 220)
   defining Unicode char U+00DD (decimal 221)
   defining Unicode char U+00DE (decimal 222)
   defining Unicode char U+00DF (decimal 223)
   defining Unicode char U+00E0 (decimal 224)
   defining Unicode char U+00E1 (decimal 225)
   defining Unicode char U+00E2 (decimal 226)
   defining Unicode char U+00E3 (decimal 227)
   defining Unicode char U+00E4 (decimal 228)
   defining Unicode char U+00E5 (decimal 229)
   defining Unicode char U+00E6 (decimal 230)
   defining Unicode char U+00E7 (decimal 231)
   defining Unicode char U+00E8 (decimal 232)
   defining Unicode char U+00E9 (decimal 233)
   defining Unicode char U+00EA (decimal 234)
   defining Unicode char U+00EB (decimal 235)
   defining Unicode char U+00EC (decimal 236)
   defining Unicode char U+00ED (decimal 237)
   defining Unicode char U+00EE (decimal 238)
   defining Unicode char U+00EF (decimal 239)
   defining Unicode char U+00F0 (decimal 240)
   defining Unicode char U+00F1 (decimal 241)
   defining Unicode char U+00F2 (decimal 242)
   defining Unicode char U+00F3 (decimal 243)
   defining Unicode char U+00F4 (decimal 244)
   defining Unicode char U+00F5 (decimal 245)
   defining Unicode char U+00F6 (decimal 246)
   defining Unicode char U+00F8 (decimal 248)
   defining Unicode char U+00F9 (decimal 249)
   defining Unicode char U+00FA (decimal 250)
   defining Unicode char U+00FB (decimal 251)
   defining Unicode char U+00FC (decimal 252)
   defining Unicode char U+00FD (decimal 253)
   defining Unicode char U+00FE (decimal 254)
   defining Unicode char U+00FF (decimal 255)
   defining Unicode char U+0100 (decimal 256)
   defining Unicode char U+0101 (decimal 257)
   defining Unicode char U+0102 (decimal 258)
   defining Unicode char U+0103 (decimal 259)
   defining Unicode char U+0104 (decimal 260)
   defining Unicode char U+0105 (decimal 261)
   defining Unicode char U+0106 (decimal 262)
   defining Unicode char U+0107 (decimal 263)
   defining Unicode char U+0108 (decimal 264)
   defining Unicode char U+0109 (decimal 265)
   defining Unicode char U+010A (decimal 266)
   defining Unicode char U+010B (decimal 267)
   defining Unicode char U+010C (decimal 268)
   defining Unicode char U+010D (decimal 269)
   defining Unicode char U+010E (decimal 270)
   defining Unicode char U+010F (decimal 271)
   defining Unicode char U+0110 (decimal 272)
   defining Unicode char U+0111 (decimal 273)
   defining Unicode char U+0112 (decimal 274)
   defining Unicode char U+0113 (decimal 275)
   defining Unicode char U+0114 (decimal 276)
   defining Unicode char U+0115 (decimal 277)
   defining Unicode char U+0116 (decimal 278)
   defining Unicode char U+0117 (decimal 279)
   defining Unicode char U+0118 (decimal 280)
   defining Unicode char U+0119 (decimal 281)
   defining Unicode char U+011A (decimal 282)
   defining Unicode char U+011B (decimal 283)
   defining Unicode char U+011C (decimal 284)
   defining Unicode char U+011D (decimal 285)
   defining Unicode char U+011E (decimal 286)
   defining Unicode char U+011F (decimal 287)
   defining Unicode char U+0120 (decimal 288)
   defining Unicode char U+0121 (decimal 289)
   defining Unicode char U+0122 (decimal 290)
   defining Unicode char U+0123 (decimal 291)
   defining Unicode char U+0124 (decimal 292)
   defining Unicode char U+0125 (decimal 293)
   defining Unicode char U+0128 (decimal 296)
   defining Unicode char U+0129 (decimal 297)
   defining Unicode char U+012A (decimal 298)
   defining Unicode char U+012B (decimal 299)
   defining Unicode char U+012C (decimal 300)
   defining Unicode char U+012D (decimal 301)
   defining Unicode char U+012E (decimal 302)
   defining Unicode char U+012F (decimal 303)
   defining Unicode char U+0130 (decimal 304)
   defining Unicode char U+0131 (decimal 305)
   defining Unicode char U+0132 (decimal 306)
   defining Unicode char U+0133 (decimal 307)
   defining Unicode char U+0134 (decimal 308)
   defining Unicode char U+0135 (decimal 309)
   defining Unicode char U+0136 (decimal 310)
   defining Unicode char U+0137 (decimal 311)
   defining Unicode char U+0139 (decimal 313)
   defining Unicode char U+013A (decimal 314)
   defining Unicode char U+013B (decimal 315)
   defining Unicode char U+013C (decimal 316)
   defining Unicode char U+013D (decimal 317)
   defining Unicode char U+013E (decimal 318)
   defining Unicode char U+0141 (decimal 321)
   defining Unicode char U+0142 (decimal 322)
   defining Unicode char U+0143 (decimal 323)
   defining Unicode char U+0144 (decimal 324)
   defining Unicode char U+0145 (decimal 325)
   defining Unicode char U+0146 (decimal 326)
   defining Unicode char U+0147 (decimal 327)
   defining Unicode char U+0148 (decimal 328)
   defining Unicode char U+014A (decimal 330)
   defining Unicode char U+014B (decimal 331)
   defining Unicode char U+014C (decimal 332)
   defining Unicode char U+014D (decimal 333)
   defining Unicode char U+014E (decimal 334)
   defining Unicode char U+014F (decimal 335)
   defining Unicode char U+0150 (decimal 336)
   defining Unicode char U+0151 (decimal 337)
   defining Unicode char U+0152 (decimal 338)
   defining Unicode char U+0153 (decimal 339)
   defining Unicode char U+0154 (decimal 340)
   defining Unicode char U+0155 (decimal 341)
   defining Unicode char U+0156 (decimal 342)
   defining Unicode char U+0157 (decimal 343)
   defining Unicode char U+0158 (decimal 344)
   defining Unicode char U+0159 (decimal 345)
   defining Unicode char U+015A (decimal 346)
   defining Unicode char U+015B (decimal 347)
   defining Unicode char U+015C (decimal 348)
   defining Unicode char U+015D (decimal 349)
   defining Unicode char U+015E (decimal 350)
   defining Unicode char U+015F (decimal 351)
   defining Unicode char U+0160 (decimal 352)
   defining Unicode char U+0161 (decimal 353)
   defining Unicode char U+0162 (decimal 354)
   defining Unicode char U+0163 (decimal 355)
   defining Unicode char U+0164 (decimal 356)
   defining Unicode char U+0165 (decimal 357)
   defining Unicode char U+0168 (decimal 360)
   defining Unicode char U+0169 (decimal 361)
   defining Unicode char U+016A (decimal 362)
   defining Unicode char U+016B (decimal 363)
   defining Unicode char U+016C (decimal 364)
   defining Unicode char U+016D (decimal 365)
   defining Unicode char U+016E (decimal 366)
   defining Unicode char U+016F (decimal 367)
   defining Unicode char U+0170 (decimal 368)
   defining Unicode char U+0171 (decimal 369)
   defining Unicode char U+0172 (decimal 370)
   defining Unicode char U+0173 (decimal 371)
   defining Unicode char U+0174 (decimal 372)
   defining Unicode char U+0175 (decimal 373)
   defining Unicode char U+0176 (decimal 374)
   defining Unicode char U+0177 (decimal 375)
   defining Unicode char U+0178 (decimal 376)
   defining Unicode char U+0179 (decimal 377)
   defining Unicode char U+017A (decimal 378)
   defining Unicode char U+017B (decimal 379)
   defining Unicode char U+017C (decimal 380)
   defining Unicode char U+017D (decimal 381)
   defining Unicode char U+017E (decimal 382)
   defining Unicode char U+01CD (decimal 461)
   defining Unicode char U+01CE (decimal 462)
   defining Unicode char U+01CF (decimal 463)
   defining Unicode char U+01D0 (decimal 464)
   defining Unicode char U+01D1 (decimal 465)
   defining Unicode char U+01D2 (decimal 466)
   defining Unicode char U+01D3 (decimal 467)
   defining Unicode char U+01D4 (decimal 468)
   defining Unicode char U+01E2 (decimal 482)
   defining Unicode char U+01E3 (decimal 483)
   defining Unicode char U+01E6 (decimal 486)
   defining Unicode char U+01E7 (decimal 487)
   defining Unicode char U+01E8 (decimal 488)
   defining Unicode char U+01E9 (decimal 489)
   defining Unicode char U+01EA (decimal 490)
   defining Unicode char U+01EB (decimal 491)
   defining Unicode char U+01F0 (decimal 496)
   defining Unicode char U+01F4 (decimal 500)
   defining Unicode char U+01F5 (decimal 501)
   defining Unicode char U+0218 (decimal 536)
   defining Unicode char U+0219 (decimal 537)
   defining Unicode char U+021A (decimal 538)
   defining Unicode char U+021B (decimal 539)
   defining Unicode char U+1E02 (decimal 7682)
   defining Unicode char U+1E03 (decimal 7683)
   defining Unicode char U+200C (decimal 8204)
   defining Unicode char U+2010 (decimal 8208)
   defining Unicode char U+2011 (decimal 8209)
   defining Unicode char U+2012 (decimal 8210)
   defining Unicode char U+2013 (decimal 8211)
   defining Unicode char U+2014 (decimal 8212)
   defining Unicode char U+2015 (decimal 8213)
   defining Unicode char U+2018 (decimal 8216)
   defining Unicode char U+2019 (decimal 8217)
   defining Unicode char U+201A (decimal 8218)
   defining Unicode char U+201C (decimal 8220)
   defining Unicode char U+201D (decimal 8221)
   defining Unicode char U+201E (decimal 8222)
   defining Unicode char U+2030 (decimal 8240)
   defining Unicode char U+2031 (decimal 8241)
   defining Unicode char U+2039 (decimal 8249)
   defining Unicode char U+203A (decimal 8250)
   defining Unicode char U+2423 (decimal 9251)
)
Now handling font encoding OT1 ...
... processing UTF-8 mapping file for font encoding OT1

(/usr/local/texlive/2016/texmf-dist/tex/latex/base/ot1enc.dfu
File: ot1enc.dfu 2016/02/28 v1.1s UTF-8 support for inputenc
   defining Unicode char U+00A0 (decimal 160)
   defining Unicode char U+00A1 (decimal 161)
   defining Unicode char U+00A3 (decimal 163)
   defining Unicode char U+00AD (decimal 173)
   defining Unicode char U+00B8 (decimal 184)
   defining Unicode char U+00BF (decimal 191)
   defining Unicode char U+00C5 (decimal 197)
   defining Unicode char U+00C6 (decimal 198)
   defining Unicode char U+00D8 (decimal 216)
   defining Unicode char U+00DF (decimal 223)
   defining Unicode char U+00E6 (decimal 230)
   defining Unicode char U+00EC (decimal 236)
   defining Unicode char U+00ED (decimal 237)
   defining Unicode char U+00EE (decimal 238)
   defining Unicode char U+00EF (decimal 239)
   defining Unicode char U+00F8 (decimal 248)
   defining Unicode char U+0131 (decimal 305)
   defining Unicode char U+0141 (decimal 321)
   defining Unicode char U+0142 (decimal 322)
   defining Unicode char U+0152 (decimal 338)
   defining Unicode char U+0153 (decimal 339)
   defining Unicode char U+0174 (decimal 372)
   defining Unicode char U+0175 (decimal 373)
   defining Unicode char U+0176 (decimal 374)
   defining Unicode char U+0177 (decimal 375)
   defining Unicode char U+0218 (decimal 536)
   defining Unicode char U+0219 (decimal 537)
   defining Unicode char U+021A (decimal 538)
   defining Unicode char U+021B (decimal 539)
   defining Unicode char U+2013 (decimal 8211)
   defining Unicode char U+2014 (decimal 8212)
   defining Unicode char U+2018 (decimal 8216)
   defining Unicode char U+2019 (decimal 8217)
   defining Unicode char U+201C (decimal 8220)
   defining Unicode char U+201D (decimal 8221)
)
Now handling font encoding OMS ...
... processing UTF-8 mapping file for font encoding OMS

(/usr/local/texlive/2016/texmf-dist/tex/latex/base/omsenc.dfu
File: omsenc.dfu 2016/02/28 v1.1s UTF-8 support for inputenc
   defining Unicode char U+00A7 (decimal 167)
   defining Unicode char U+00B6 (decimal 182)
   defining Unicode char U+00B7 (decimal 183)
   defining Unicode char U+2020 (decimal 8224)
   defining Unicode char U+2021 (decimal 8225)
   defining Unicode char U+2022 (decimal 8226)
)
Now handling font encoding OMX ...
... no UTF-8 mapping file for font encoding OMX
Now handling font encoding U ...
... no UTF-8 mapping file for font encoding U
Now handling font encoding PD1 ...
... no UTF-8 mapping file for font encoding PD1
   defining Unicode char U+00A9 (decimal 169)
   defining Unicode char U+00AA (decimal 170)
   defining Unicode char U+00AE (decimal 174)
   defining Unicode char U+00BA (decimal 186)
   defining Unicode char U+02C6 (decimal 710)
   defining Unicode char U+02DC (decimal 732)
   defining Unicode char U+200C (decimal 8204)
   defining Unicode char U+2026 (decimal 8230)
   defining Unicode char U+2122 (decimal 8482)
   defining Unicode char U+2423 (decimal 9251)
))
(/usr/local/texlive/2016/texmf-dist/tex/latex/base/fontenc.sty
Package: fontenc 2005/09/27 v1.99g Standard LaTeX package

(/usr/local/texlive/2016/texmf-dist/tex/latex/base/t1enc.def
File: t1enc.def 2005/09/27 v1.99g Standard LaTeX file
LaTeX Font Info:    Redeclaring font encoding T1 on input line 48.
))
(/usr/local/texlive/2016/texmf-dist/tex/latex/psnfss/mathpazo.sty
Package: mathpazo 2005/04/12 PSNFSS-v9.2a Palatino w/ Pazo Math (D.Puga, WaS) 
\symupright=\mathgroup4
)
(/usr/local/texlive/2016/texmf-dist/tex/latex/graphics/graphicx.sty
Package: graphicx 2014/10/28 v1.0g Enhanced LaTeX Graphics (DPC,SPQR)

(/usr/local/texlive/2016/texmf-dist/tex/latex/graphics/graphics.sty
Package: graphics 2016/05/09 v1.0r Standard LaTeX Graphics (DPC,SPQR)

(/usr/local/texlive/2016/texmf-dist/tex/latex/graphics/trig.sty
Package: trig 2016/01/03 v1.10 sin cos tan (DPC)
)
(/usr/local/texlive/2016/texmf-dist/tex/latex/graphics-cfg/graphics.cfg
File: graphics.cfg 2016/01/02 v1.10 sample graphics configuration
)
Package graphics Info: Driver file: pdftex.def on input line 96.

(/usr/local/texlive/2016/texmf-dist/tex/latex/pdftex-def/pdftex.def
File: pdftex.def 2011/05/27 v0.06d Graphics/color for pdfTeX
\Gread@gobject=\count99
))
\Gin@req@height=\dimen107
\Gin@req@width=\dimen108
)
(/usr/local/texlive/2016/texmf-dist/tex/latex/caption/caption.sty
Package: caption 2016/02/21 v3.3-144 Customizing captions (AR)

(/usr/local/texlive/2016/texmf-dist/tex/latex/caption/caption3.sty
Package: caption3 2016/02/04 v1.7-139 caption3 kernel (AR)
Package caption3 Info: TeX engine: e-TeX on input line 67.
\captionmargin=\dimen109
\captionmargin@=\dimen110
\captionwidth=\dimen111
\caption@tempdima=\dimen112
\caption@indent=\dimen113
\caption@parindent=\dimen114
\caption@hangindent=\dimen115
)
\c@ContinuedFloat=\count100
Package caption Info: float package is loaded.
Package caption Info: hyperref package is loaded.
)
(/usr/local/texlive/2016/texmf-dist/tex/latex/caption/subcaption.sty
Package: subcaption 2016/02/20 v1.1-142 Sub-captions (AR)
\c@subfigure=\count101
\c@subtable=\count102
)
(/usr/local/texlive/2016/texmf-dist/tex/latex/pdfpages/pdfpages.sty
Package: pdfpages 2016/04/19 v0.5f Insert pages of external PDF documents (AM)

(/usr/local/texlive/2016/texmf-dist/tex/latex/base/ifthen.sty
Package: ifthen 2014/09/29 v1.1c Standard LaTeX ifthen package (DPC)
)
(/usr/local/texlive/2016/texmf-dist/tex/latex/tools/calc.sty
Package: calc 2014/10/28 v4.3 Infix arithmetic (KKT,FJ)
\calc@Acount=\count103
\calc@Bcount=\count104
\calc@Adimen=\dimen116
\calc@Bdimen=\dimen117
\calc@Askip=\skip45
\calc@Bskip=\skip46
LaTeX Info: Redefining \setlength on input line 80.
LaTeX Info: Redefining \addtolength on input line 81.
\calc@Ccount=\count105
\calc@Cskip=\skip47
)
(/usr/local/texlive/2016/texmf-dist/tex/latex/eso-pic/eso-pic.sty
Package: eso-pic 2015/07/21 v2.0g eso-pic (RN)

(/usr/local/texlive/2016/texmf-dist/tex/latex/xcolor/xcolor.sty
Package: xcolor 2016/05/11 v2.12 LaTeX color extensions (UK)

(/usr/local/texlive/2016/texmf-dist/tex/latex/graphics-cfg/color.cfg
File: color.cfg 2016/01/02 v1.6 sample color configuration
)
Package xcolor Info: Driver file: pdftex.def on input line 225.
Package xcolor Info: Model `cmy' substituted by `cmy0' on input line 1348.
Package xcolor Info: Model `hsb' substituted by `rgb' on input line 1352.
Package xcolor Info: Model `RGB' extended on input line 1364.
Package xcolor Info: Model `HTML' substituted by `rgb' on input line 1366.
Package xcolor Info: Model `Hsb' substituted by `hsb' on input line 1367.
Package xcolor Info: Model `tHsb' substituted by `hsb' on input line 1368.
Package xcolor Info: Model `HSB' substituted by `hsb' on input line 1369.
Package xcolor Info: Model `Gray' substituted by `gray' on input line 1370.
Package xcolor Info: Model `wave' substituted by `hsb' on input line 1371.
))
\AM@pagewidth=\dimen118
\AM@pageheight=\dimen119

(/usr/local/texlive/2016/texmf-dist/tex/latex/pdfpages/pppdftex.def
File: pppdftex.def 2016/04/19 v0.5f Pdfpages driver for pdfTeX (AM)
)
\AM@pagebox=\box28
\AM@global@opts=\toks19
\AM@toc@title=\toks20
\c@AM@survey=\count106
\AM@templatesizebox=\box29
)
(./manual.aux)
\openout1 = `manual.aux'.

LaTeX Font Info:    Checking defaults for OML/cmm/m/it on input line 28.
LaTeX Font Info:    ... okay on input line 28.
LaTeX Font Info:    Checking defaults for T1/cmr/m/n on input line 28.
LaTeX Font Info:    ... okay on input line 28.
LaTeX Font Info:    Checking defaults for OT1/cmr/m/n on input line 28.
LaTeX Font Info:    ... okay on input line 28.
LaTeX Font Info:    Checking defaults for OMS/cmsy/m/n on input line 28.
LaTeX Font Info:    ... okay on input line 28.
LaTeX Font Info:    Checking defaults for OMX/cmex/m/n on input line 28.
LaTeX Font Info:    ... okay on input line 28.
LaTeX Font Info:    Checking defaults for U/cmr/m/n on input line 28.
LaTeX Font Info:    ... okay on input line 28.
LaTeX Font Info:    Checking defaults for PD1/pdf/m/n on input line 28.
LaTeX Font Info:    ... okay on input line 28.
LaTeX Font Info:    Try loading font information for T1+ppl on input line 28.
 (/usr/local/texlive/2016/texmf-dist/tex/latex/psnfss/t1ppl.fd
File: t1ppl.fd 2001/06/04 font definitions for T1/ppl.
)
\AtBeginShipoutBox=\box30
Package hyperref Info: Link coloring OFF on input line 28.

(/usr/local/texlive/2016/texmf-dist/tex/latex/hyperref/nameref.sty
Package: nameref 2012/10/27 v2.43 Cross-referencing by name of section

(/usr/local/texlive/2016/texmf-dist/tex/generic/oberdiek/gettitlestring.sty
Package: gettitlestring 2016/05/16 v1.5 Cleanup title references (HO)
)
\c@section@level=\count107
)
LaTeX Info: Redefining \ref on input line 28.
LaTeX Info: Redefining \pageref on input line 28.
LaTeX Info: Redefining \nameref on input line 28.

(./manual.out) (./manual.out)
\@outlinefile=\write4
\openout4 = `manual.out'.

\big@size=\dimen120

(/usr/local/texlive/2016/texmf-dist/tex/context/base/mkii/supp-pdf.mkii
[Loading MPS to PDF converter (version 2006.09.02).]
\scratchcounter=\count108
\scratchdimen=\dimen121
\scratchbox=\box31
\nofMPsegments=\count109
\nofMParguments=\count110
\everyMPshowfont=\toks21
\MPscratchCnt=\count111
\MPscratchDim=\dimen122
\MPnumerator=\count112
\makeMPintoPDFobject=\count113
\everyMPtoPDFconversion=\toks22
) (/usr/local/texlive/2016/texmf-dist/tex/latex/oberdiek/epstopdf-base.sty
Package: epstopdf-base 2016/05/15 v2.6 Base part for package epstopdf

(/usr/local/texlive/2016/texmf-dist/tex/latex/oberdiek/grfext.sty
Package: grfext 2016/05/16 v1.2 Manage graphics extensions (HO)
)
Package grfext Info: Graphics extension search list:
(grfext)             [.png,.pdf,.jpg,.mps,.jpeg,.jbig2,.jb2,.PNG,.PDF,.JPG,.JPE
G,.JBIG2,.JB2,.eps]
(grfext)             \AppendGraphicsExtensions on input line 456.

(/usr/local/texlive/2016/texmf-dist/tex/latex/latexconfig/epstopdf-sys.cfg
File: epstopdf-sys.cfg 2010/07/13 v1.3 Configuration of (r)epstopdf for TeX Liv
e
))
Package caption Info: Begin \AtBeginDocument code.
Package caption Info: End \AtBeginDocument code.

(/usr/local/texlive/2016/texmf-dist/tex/latex/oberdiek/pdflscape.sty
Package: pdflscape 2016/05/14 v0.11 Display of landscape pages in PDF (HO)

(/usr/local/texlive/2016/texmf-dist/tex/latex/graphics/lscape.sty
Package: lscape 2000/10/22 v3.01 Landscape Pages (DPC)
)
Package pdflscape Info: Auto-detected driver: pdftex on input line 81.
)
LaTeX Font Info:    Font shape `T1/ppl/bx/n' in size <17.28> not available
(Font)              Font shape `T1/ppl/b/n' tried instead on input line 51.
LaTeX Font Info:    Font shape `T1/ppl/bx/it' in size <17.28> not available
(Font)              Font shape `T1/ppl/b/it' tried instead on input line 51.
LaTeX Font Info:    Try loading font information for OT1+ppl on input line 51.

(/usr/local/texlive/2016/texmf-dist/tex/latex/psnfss/ot1ppl.fd
File: ot1ppl.fd 2001/06/04 font definitions for OT1/ppl.
)
LaTeX Font Info:    Try loading font information for OML+zplm on input line 51.


(/usr/local/texlive/2016/texmf-dist/tex/latex/psnfss/omlzplm.fd
File: omlzplm.fd 2002/09/08 Fontinst v1.914 font definitions for OML/zplm.
)
LaTeX Font Info:    Try loading font information for OMS+zplm on input line 51.


(/usr/local/texlive/2016/texmf-dist/tex/latex/psnfss/omszplm.fd
File: omszplm.fd 2002/09/08 Fontinst v1.914 font definitions for OMS/zplm.
)
LaTeX Font Info:    Try loading font information for OMX+zplm on input line 51.


(/usr/local/texlive/2016/texmf-dist/tex/latex/psnfss/omxzplm.fd
File: omxzplm.fd 2002/09/08 Fontinst v1.914 font definitions for OMX/zplm.
)
LaTeX Font Info:    Try loading font information for OT1+zplm on input line 51.


(/usr/local/texlive/2016/texmf-dist/tex/latex/psnfss/ot1zplm.fd
File: ot1zplm.fd 2002/09/08 Fontinst v1.914 font definitions for OT1/zplm.
)
LaTeX Font Info:    Font shape `T1/ppl/bx/n' in size <14.4> not available
(Font)              Font shape `T1/ppl/b/n' tried instead on input line 53.
LaTeX Font Info:    Try loading font information for T1+cmtt on input line 58.

(/usr/local/texlive/2016/texmf-dist/tex/latex/base/t1cmtt.fd
File: t1cmtt.fd 2014/09/29 v2.5h Standard LaTeX font definitions
)
<../Figures/manual/intro1.jpg, id=41, 1156.32pt x 617.9085pt>
File: ../Figures/manual/intro1.jpg Graphic file (type jpg)

<use ../Figures/manual/intro1.jpg>
Package pdftex.def Info: ../Figures/manual/intro1.jpg used on input line 63.
(pdftex.def)             Requested size: 452.9679pt x 242.04877pt.

<../Figures/manual/intro2.jpg, id=43, 1156.32pt x 619.71526pt>
File: ../Figures/manual/intro2.jpg Graphic file (type jpg)

<use ../Figures/manual/intro2.jpg>
Package pdftex.def Info: ../Figures/manual/intro2.jpg used on input line 71.
(pdftex.def)             Requested size: 452.9679pt x 242.7565pt.
 [1

{/usr/local/texlive/2016/texmf-var/fonts/map/pdftex/updmap/pdftex.map} <../Figu
res/manual/intro1.jpg>]
<../Figures/manual/intro3.jpg, id=57, 1156.32pt x 616.10175pt>
File: ../Figures/manual/intro3.jpg Graphic file (type jpg)

<use ../Figures/manual/intro3.jpg>
Package pdftex.def Info: ../Figures/manual/intro3.jpg used on input line 79.
(pdftex.def)             Requested size: 452.9679pt x 241.34102pt.

<../Figures/manual/step1.jpg, id=58, 1356.56813pt x 686.565pt>
File: ../Figures/manual/step1.jpg Graphic file (type jpg)

<use ../Figures/manual/step1.jpg>
Package pdftex.def Info: ../Figures/manual/step1.jpg used on input line 93.
(pdftex.def)             Requested size: 452.9679pt x 229.24904pt.
 [2 <../Figures/manual/intro2.jpg> <../Figures/manual/intro3.jpg>]
<../Figures/manual/step2.jpg, id=64, 1088.26575pt x 549.252pt>
File: ../Figures/manual/step2.jpg Graphic file (type jpg)

<use ../Figures/manual/step2.jpg>
Package pdftex.def Info: ../Figures/manual/step2.jpg used on input line 101.
(pdftex.def)             Requested size: 452.9679pt x 228.61418pt.

<../Figures/manual/step3.jpg, id=65, 1358.07375pt x 690.32906pt>
File: ../Figures/manual/step3.jpg Graphic file (type jpg)

<use ../Figures/manual/step3.jpg>
Package pdftex.def Info: ../Figures/manual/step3.jpg used on input line 110.
(pdftex.def)             Requested size: 452.9679pt x 230.24254pt.
 [3 <../Figures/manual/step1.jpg> <../Figures/manual/step2.jpg>]
<../Figures/manual/step4.jpg, id=74, 1085.2545pt x 555.87675pt>
File: ../Figures/manual/step4.jpg Graphic file (type jpg)

<use ../Figures/manual/step4.jpg>
Package pdftex.def Info: ../Figures/manual/step4.jpg used on input line 120.
(pdftex.def)             Requested size: 452.9679pt x 232.00774pt.

<../Figures/manual/step5.jpg, id=75, 1082.8455pt x 551.661pt>
File: ../Figures/manual/step5.jpg Graphic file (type jpg)

<use ../Figures/manual/step5.jpg>
Package pdftex.def Info: ../Figures/manual/step5.jpg used on input line 127.
(pdftex.def)             Requested size: 452.9679pt x 230.7701pt.
 [4 <../Figures/manual/step3.jpg> <../Figures/manual/step4.jpg>]
<../Figures/manual/step6.jpg, id=84, 1359.57938pt x 692.5875pt>
File: ../Figures/manual/step6.jpg Graphic file (type jpg)

<use ../Figures/manual/step6.jpg>
Package pdftex.def Info: ../Figures/manual/step6.jpg used on input line 137.
(pdftex.def)             Requested size: 452.9679pt x 230.74216pt.

<../Figures/manual/step7.jpg, id=85, 1084.65225pt x 551.05875pt>
File: ../Figures/manual/step7.jpg Graphic file (type jpg)

<use ../Figures/manual/step7.jpg>
Package pdftex.def Info: ../Figures/manual/step7.jpg used on input line 144.
(pdftex.def)             Requested size: 452.9679pt x 230.13136pt.
 [5 <../Figures/manual/step5.jpg> <../Figures/manual/step6.jpg>]
<../Figures/manual/step8.jpg, id=91, 1087.6635pt x 551.05875pt>
File: ../Figures/manual/step8.jpg Graphic file (type jpg)

<use ../Figures/manual/step8.jpg>
Package pdftex.def Info: ../Figures/manual/step8.jpg used on input line 151.
(pdftex.def)             Requested size: 452.9679pt x 229.49232pt.

<../Figures/manual/step9.jpg, id=92, 1087.06125pt x 552.26324pt>
File: ../Figures/manual/step9.jpg Graphic file (type jpg)

<use ../Figures/manual/step9.jpg>
Package pdftex.def Info: ../Figures/manual/step9.jpg used on input line 158.
(pdftex.def)             Requested size: 452.9679pt x 230.12035pt.
 [6 <../Figures/manual/step7.jpg> <../Figures/manual/step8.jpg>]
<../Figures/manual/step10.jpg, id=99, 1081.641pt x 551.661pt>
File: ../Figures/manual/step10.jpg Graphic file (type jpg)

<use ../Figures/manual/step10.jpg>
Package pdftex.def Info: ../Figures/manual/step10.jpg used on input line 165.
(pdftex.def)             Requested size: 452.9679pt x 231.02263pt.

<../Figures/manual/step11.jpg, id=100, 1088.26575pt x 552.8655pt>
File: ../Figures/manual/step11.jpg Graphic file (type jpg)

<use ../Figures/manual/step11.jpg>
Package pdftex.def Info: ../Figures/manual/step11.jpg used on input line 172.
(pdftex.def)             Requested size: 452.9679pt x 230.11821pt.
 [7 <../Figures/manual/step9.jpg> <../Figures/manual/step10.jpg>]
<../Figures/manual/step12.jpg, id=108, 1088.26575pt x 551.05875pt>
File: ../Figures/manual/step12.jpg Graphic file (type jpg)

<use ../Figures/manual/step12.jpg>
Package pdftex.def Info: ../Figures/manual/step12.jpg used on input line 179.
(pdftex.def)             Requested size: 452.9679pt x 229.3662pt.

<../Figures/manual/step13.jpg, id=110, 1361.085pt x 689.57625pt>
File: ../Figures/manual/step13.jpg Graphic file (type jpg)

<use ../Figures/manual/step13.jpg>
Package pdftex.def Info: ../Figures/manual/step13.jpg used on input line 188.
(pdftex.def)             Requested size: 452.9679pt x 229.4864pt.
 [8 <../Figures/manual/step11.jpg> <../Figures/manual/step12.jpg>]
<../Figures/manual/step14.jpg, id=119, 1089.47025pt x 551.661pt>
File: ../Figures/manual/step14.jpg Graphic file (type jpg)

<use ../Figures/manual/step14.jpg>
Package pdftex.def Info: ../Figures/manual/step14.jpg used on input line 196.
(pdftex.def)             Requested size: 452.9679pt x 229.36435pt.

<../Figures/manual/step15.jpg, id=122, 1357.32094pt x 688.82344pt>
File: ../Figures/manual/step15.jpg Graphic file (type jpg)

<use ../Figures/manual/step15.jpg>
Package pdftex.def Info: ../Figures/manual/step15.jpg used on input line 205.
(pdftex.def)             Requested size: 452.9679pt x 229.8665pt.
 [9 <../Figures/manual/step13.jpg> <../Figures/manual/step14.jpg>]
<../Figures/manual/step16.jpg, id=130, 1351.29843pt x 688.07062pt>
File: ../Figures/manual/step16.jpg Graphic file (type jpg)

<use ../Figures/manual/step16.jpg>
Package pdftex.def Info: ../Figures/manual/step16.jpg used on input line 212.
(pdftex.def)             Requested size: 452.9679pt x 230.6442pt.

<../Figures/manual/step17.jpg, id=133, 1086.459pt x 553.46774pt>
File: ../Figures/manual/step17.jpg Graphic file (type jpg)

<use ../Figures/manual/step17.jpg>
Package pdftex.def Info: ../Figures/manual/step17.jpg used on input line 222.
(pdftex.def)             Requested size: 452.9679pt x 230.74893pt.
 [10 <../Figures/manual/step15.jpg> <../Figures/manual/step16.jpg>]
<../Figures/manual/step18.jpg, id=142, 1356.56813pt x 691.83469pt>
File: ../Figures/manual/step18.jpg Graphic file (type jpg)

<use ../Figures/manual/step18.jpg>
Package pdftex.def Info: ../Figures/manual/step18.jpg used on input line 235.
(pdftex.def)             Requested size: 452.9679pt x 231.00862pt.

<../Figures/manual/step19.jpg, id=143, 1352.05125pt x 688.07062pt>
File: ../Figures/manual/step19.jpg Graphic file (type jpg)

<use ../Figures/manual/step19.jpg>
Package pdftex.def Info: ../Figures/manual/step19.jpg used on input line 242.
(pdftex.def)             Requested size: 452.9679pt x 230.5182pt.
 [11 <../Figures/manual/step17.jpg> <../Figures/manual/step18.jpg>]
<../Figures/manual/step20.jpg, id=151, 1349.79282pt x 688.82344pt>
File: ../Figures/manual/step20.jpg Graphic file (type jpg)

<use ../Figures/manual/step20.jpg>
Package pdftex.def Info: ../Figures/manual/step20.jpg used on input line 249.
(pdftex.def)             Requested size: 452.9679pt x 231.1488pt.

<../Figures/manual/save1.jpg, id=153, 145.29282pt x 690.32906pt>
File: ../Figures/manual/save1.jpg Graphic file (type jpg)

<use ../Figures/manual/save1.jpg>
Package pdftex.def Info: ../Figures/manual/save1.jpg used on input line 265.
(pdftex.def)             Requested size: 135.89174pt x 645.70721pt.
 [12 <../Figures/manual/step19.jpg> <../Figures/manual/step20.jpg>] [13 <../Fig
ures/manual/save1.jpg>]
<../Figures/manual/save2.jpg, id=166, 1082.8455pt x 551.661pt>
File: ../Figures/manual/save2.jpg Graphic file (type jpg)

<use ../Figures/manual/save2.jpg>
Package pdftex.def Info: ../Figures/manual/save2.jpg used on input line 275.
(pdftex.def)             Requested size: 452.9679pt x 230.7701pt.

<../Figures/manual/save3.jpg, id=168, 282.30469pt x 447.92343pt>
File: ../Figures/manual/save3.jpg Graphic file (type jpg)

<use ../Figures/manual/save3.jpg>
Package pdftex.def Info: ../Figures/manual/save3.jpg used on input line 285.
(pdftex.def)             Requested size: 226.48395pt x 359.3576pt.
 [14 <../Figures/manual/save2.jpg>]
<../Figures/manual/save4.jpg, id=180, 140.77594pt x 691.08188pt>
File: ../Figures/manual/save4.jpg Graphic file (type jpg)

<use ../Figures/manual/save4.jpg>
Package pdftex.def Info: ../Figures/manual/save4.jpg used on input line 297.
(pdftex.def)             Requested size: 135.89174pt x 667.14291pt.
 [15 <../Figures/manual/save3.jpg>]
Overfull \vbox (20.23604pt too high) has occurred while \output is active []


[16 <../Figures/manual/save4.jpg>]
<../Figures/manual/save5.jpg, id=191, 141.52875pt x 688.82344pt>
File: ../Figures/manual/save5.jpg Graphic file (type jpg)

<use ../Figures/manual/save5.jpg>
Package pdftex.def Info: ../Figures/manual/save5.jpg used on input line 306.
(pdftex.def)             Requested size: 135.89174pt x 661.44168pt.
 [17]
Overfull \vbox (14.5348pt too high) has occurred while \output is active []


[18 <../Figures/manual/save5.jpg>]
<../Figures/manual/save6.jpg, id=202, 311.66437pt x 450.18187pt>
File: ../Figures/manual/save6.jpg Graphic file (type jpg)

<use ../Figures/manual/save6.jpg>
Package pdftex.def Info: ../Figures/manual/save6.jpg used on input line 315.
(pdftex.def)             Requested size: 271.7835pt x 392.58241pt.
LaTeX Font Info:    Font shape `T1/ppl/bx/n' in size <12> not available
(Font)              Font shape `T1/ppl/b/n' tried instead on input line 328.

<../Figures/manual/optionalA1.jpg, id=204, 1350.54562pt x 690.32906pt>
File: ../Figures/manual/optionalA1.jpg Graphic file (type jpg)

<use ../Figures/manual/optionalA1.jpg>
Package pdftex.def Info: ../Figures/manual/optionalA1.jpg used on input line 33
4.
(pdftex.def)             Requested size: 452.9679pt x 231.52763pt.
 [19 <../Figures/manual/save6.jpg>]
<../Figures/manual/optionalA2.jpg, id=214, 1085.85675pt x 550.4565pt>
File: ../Figures/manual/optionalA2.jpg Graphic file (type jpg)

<use ../Figures/manual/optionalA2.jpg>
Package pdftex.def Info: ../Figures/manual/optionalA2.jpg used on input line 34
4.
(pdftex.def)             Requested size: 452.9679pt x 229.61949pt.

<../Figures/manual/optionalA3.jpg, id=215, 1082.24326pt x 551.661pt>
File: ../Figures/manual/optionalA3.jpg Graphic file (type jpg)

<use ../Figures/manual/optionalA3.jpg>
Package pdftex.def Info: ../Figures/manual/optionalA3.jpg used on input line 35
1.
(pdftex.def)             Requested size: 452.9679pt x 230.89636pt.
 [20 <../Figures/manual/optionalA1.jpg> <../Figures/manual/optionalA2.jpg>]
<../Figures/manual/optionalA4.jpg, id=225, 1357.32094pt x 691.08188pt>
File: ../Figures/manual/optionalA4.jpg Graphic file (type jpg)

<use ../Figures/manual/optionalA4.jpg>
Package pdftex.def Info: ../Figures/manual/optionalA4.jpg used on input line 36
2.
(pdftex.def)             Requested size: 452.9679pt x 230.62016pt.

<../Figures/manual/optionalA5.jpg, id=226, 1357.32094pt x 691.08188pt>
File: ../Figures/manual/optionalA5.jpg Graphic file (type jpg)

<use ../Figures/manual/optionalA5.jpg>
Package pdftex.def Info: ../Figures/manual/optionalA5.jpg used on input line 36
9.
(pdftex.def)             Requested size: 452.9679pt x 230.62016pt.
 [21 <../Figures/manual/optionalA3.jpg> <../Figures/manual/optionalA4.jpg>]
<../Figures/manual/optionalA6.jpg, id=234, 1355.0625pt x 688.07062pt>
File: ../Figures/manual/optionalA6.jpg Graphic file (type jpg)

<use ../Figures/manual/optionalA6.jpg>
Package pdftex.def Info: ../Figures/manual/optionalA6.jpg used on input line 37
6.
(pdftex.def)             Requested size: 452.9679pt x 230.00375pt.

<../Figures/manual/optionalA7.jpg, id=236, 1352.05125pt x 690.32906pt>
File: ../Figures/manual/optionalA7.jpg Graphic file (type jpg)

<use ../Figures/manual/optionalA7.jpg>
Package pdftex.def Info: ../Figures/manual/optionalA7.jpg used on input line 38
5.
(pdftex.def)             Requested size: 452.9679pt x 231.27483pt.
 [22 <../Figures/manual/optionalA5.jpg> <../Figures/manual/optionalA6.jpg>]
<../Figures/manual/optionalB1.jpg, id=251, 1349.04pt x 689.57625pt>
File: ../Figures/manual/optionalB1.jpg Graphic file (type jpg)

<use ../Figures/manual/optionalB1.jpg>
Package pdftex.def Info: ../Figures/manual/optionalB1.jpg used on input line 40
7.
(pdftex.def)             Requested size: 452.9679pt x 231.53821pt.
 [23 <../Figures/manual/optionalA7.jpg>]
<../Figures/manual/optionalB2.jpg, id=265, 1088.26575pt x 551.661pt>
File: ../Figures/manual/optionalB2.jpg Graphic file (type jpg)

<use ../Figures/manual/optionalB2.jpg>
Package pdftex.def Info: ../Figures/manual/optionalB2.jpg used on input line 41
4.
(pdftex.def)             Requested size: 452.9679pt x 229.61688pt.

<../Figures/manual/optionalB3.jpg, id=266, 1085.2545pt x 551.05875pt>
File: ../Figures/manual/optionalB3.jpg Graphic file (type jpg)

<use ../Figures/manual/optionalB3.jpg>
Package pdftex.def Info: ../Figures/manual/optionalB3.jpg used on input line 42
1.
(pdftex.def)             Requested size: 452.9679pt x 229.99683pt.
 [24 <../Figures/manual/optionalB1.jpg> <../Figures/manual/optionalB2.jpg>]
<../Figures/manual/optionalB4.jpg, id=271, 1351.29843pt x 690.32906pt>
File: ../Figures/manual/optionalB4.jpg Graphic file (type jpg)

<use ../Figures/manual/optionalB4.jpg>
Package pdftex.def Info: ../Figures/manual/optionalB4.jpg used on input line 42
9.
(pdftex.def)             Requested size: 452.9679pt x 231.40123pt.

<../Figures/manual/optionalB5.jpg, id=272, 1085.85675pt x 549.252pt>
File: ../Figures/manual/optionalB5.jpg Graphic file (type jpg)

<use ../Figures/manual/optionalB5.jpg>
Package pdftex.def Info: ../Figures/manual/optionalB5.jpg used on input line 43
6.
(pdftex.def)             Requested size: 452.9679pt x 229.11703pt.
 [25 <../Figures/manual/optionalB3.jpg> <../Figures/manual/optionalB4.jpg>]
<../Figures/manual/optionalB6.jpg, id=278, 1084.05pt x 553.46774pt>
File: ../Figures/manual/optionalB6.jpg Graphic file (type jpg)

<use ../Figures/manual/optionalB6.jpg>
Package pdftex.def Info: ../Figures/manual/optionalB6.jpg used on input line 44
3.
(pdftex.def)             Requested size: 452.9679pt x 231.26408pt.

<../Figures/manual/optionalB7.jpg, id=279, 1082.24326pt x 550.4565pt>
File: ../Figures/manual/optionalB7.jpg Graphic file (type jpg)

<use ../Figures/manual/optionalB7.jpg>
Package pdftex.def Info: ../Figures/manual/optionalB7.jpg used on input line 45
0.
(pdftex.def)             Requested size: 452.9679pt x 230.39221pt.
 [26 <../Figures/manual/optionalB5.jpg> <../Figures/manual/optionalB6.jpg>]
<../Figures/manual/optionalB8.jpg, id=284, 1084.05pt x 551.05875pt>
File: ../Figures/manual/optionalB8.jpg Graphic file (type jpg)

<use ../Figures/manual/optionalB8.jpg>
Package pdftex.def Info: ../Figures/manual/optionalB8.jpg used on input line 45
8.
(pdftex.def)             Requested size: 452.9679pt x 230.25749pt.

<../Figures/manual/optionalB9.jpg, id=285, 1085.85675pt x 551.661pt>
File: ../Figures/manual/optionalB9.jpg Graphic file (type jpg)

<use ../Figures/manual/optionalB9.jpg>
Package pdftex.def Info: ../Figures/manual/optionalB9.jpg used on input line 46
5.
(pdftex.def)             Requested size: 452.9679pt x 230.12193pt.
 [27 <../Figures/manual/optionalB7.jpg> <../Figures/manual/optionalB8.jpg>]
<../Figures/manual/optionalC1.jpg, id=291, 1358.07375pt x 691.83469pt>
File: ../Figures/manual/optionalC1.jpg Graphic file (type jpg)

<use ../Figures/manual/optionalC1.jpg>
Package pdftex.def Info: ../Figures/manual/optionalC1.jpg used on input line 47
8.
(pdftex.def)             Requested size: 452.9679pt x 230.7447pt.

<../Figures/manual/optionalC2.jpg, id=292, 1358.07375pt x 691.83469pt>
File: ../Figures/manual/optionalC2.jpg Graphic file (type jpg)

<use ../Figures/manual/optionalC2.jpg>
Package pdftex.def Info: ../Figures/manual/optionalC2.jpg used on input line 48
5.
(pdftex.def)             Requested size: 452.9679pt x 230.7447pt.
 [28 <../Figures/manual/optionalB9.jpg> <../Figures/manual/optionalC1.jpg>]
<../Figures/manual/optionalC3.jpg, id=298, 1086.459pt x 551.661pt>
File: ../Figures/manual/optionalC3.jpg Graphic file (type jpg)

<use ../Figures/manual/optionalC3.jpg>
Package pdftex.def Info: ../Figures/manual/optionalC3.jpg used on input line 49
2.
(pdftex.def)             Requested size: 452.9679pt x 229.99567pt.

<../Figures/manual/optionalC4.jpg, id=299, 1359.57938pt x 688.07062pt>
File: ../Figures/manual/optionalC4.jpg Graphic file (type jpg)

<use ../Figures/manual/optionalC4.jpg>
Package pdftex.def Info: ../Figures/manual/optionalC4.jpg used on input line 49
9.
(pdftex.def)             Requested size: 452.9679pt x 229.23732pt.
 [29 <../Figures/manual/optionalC2.jpg> <../Figures/manual/optionalC3.jpg>]
<../Figures/manual/optionalC5.jpg, id=307, 1086.459pt x 552.26324pt>
File: ../Figures/manual/optionalC5.jpg Graphic file (type jpg)

<use ../Figures/manual/optionalC5.jpg>
Package pdftex.def Info: ../Figures/manual/optionalC5.jpg used on input line 50
6.
(pdftex.def)             Requested size: 452.9679pt x 230.24675pt.

<../Figures/manual/optionalC6.jpg, id=308, 1353.55687pt x 688.82344pt>
File: ../Figures/manual/optionalC6.jpg Graphic file (type jpg)

<use ../Figures/manual/optionalC6.jpg>
Package pdftex.def Info: ../Figures/manual/optionalC6.jpg used on input line 51
3.
(pdftex.def)             Requested size: 452.9679pt x 230.51816pt.
 [30 <../Figures/manual/optionalC4.jpg> <../Figures/manual/optionalC5.jpg>]
<../Figures/manual/optionalC7.jpg, id=315, 1358.07375pt x 691.08188pt>
File: ../Figures/manual/optionalC7.jpg Graphic file (type jpg)

<use ../Figures/manual/optionalC7.jpg>
Package pdftex.def Info: ../Figures/manual/optionalC7.jpg used on input line 52
0.
(pdftex.def)             Requested size: 452.9679pt x 230.49362pt.

<../Figures/manual/optionalC8.jpg, id=316, 1084.05pt x 551.661pt>
File: ../Figures/manual/optionalC8.jpg Graphic file (type jpg)

<use ../Figures/manual/optionalC8.jpg>
Package pdftex.def Info: ../Figures/manual/optionalC8.jpg used on input line 52
7.
(pdftex.def)             Requested size: 452.9679pt x 230.50914pt.
 [31 <../Figures/manual/optionalC6.jpg> <../Figures/manual/optionalC7.jpg>]
<../Figures/manual/optionalC9.jpg, id=324, 1087.6635pt x 553.46774pt>
File: ../Figures/manual/optionalC9.jpg Graphic file (type jpg)

<use ../Figures/manual/optionalC9.jpg>
Package pdftex.def Info: ../Figures/manual/optionalC9.jpg used on input line 53
4.
(pdftex.def)             Requested size: 452.9679pt x 230.49557pt.
 [32 <../Figures/manual/optionalC8.jpg> <../Figures/manual/optionalC9.jpg>]
<../Figures/manual/optionalD1.jpg, id=340, 1359.57938pt x 691.83469pt>
File: ../Figures/manual/optionalD1.jpg Graphic file (type jpg)

<use ../Figures/manual/optionalD1.jpg>
Package pdftex.def Info: ../Figures/manual/optionalD1.jpg used on input line 55
3.
(pdftex.def)             Requested size: 452.9679pt x 230.49135pt.

<../Figures/manual/optionalD2.jpg, id=341, 1084.05pt x 552.8655pt>
File: ../Figures/manual/optionalD2.jpg Graphic file (type jpg)

<use ../Figures/manual/optionalD2.jpg>
Package pdftex.def Info: ../Figures/manual/optionalD2.jpg used on input line 56
0.
(pdftex.def)             Requested size: 452.9679pt x 231.01244pt.

<../Figures/manual/optionalD3.jpg, id=342, 1081.641pt x 552.26324pt>
File: ../Figures/manual/optionalD3.jpg Graphic file (type jpg)

<use ../Figures/manual/optionalD3.jpg>
Package pdftex.def Info: ../Figures/manual/optionalD3.jpg used on input line 56
7.
(pdftex.def)             Requested size: 452.9679pt x 231.27483pt.
 [33 <../Figures/manual/optionalD1.jpg> <../Figures/manual/optionalD2.jpg>]
<../Figures/manual/optionalD4.jpg, id=352, 1084.05pt x 552.26324pt>
File: ../Figures/manual/optionalD4.jpg Graphic file (type jpg)

<use ../Figures/manual/optionalD4.jpg>
Package pdftex.def Info: ../Figures/manual/optionalD4.jpg used on input line 57
4.
(pdftex.def)             Requested size: 452.9679pt x 230.76079pt.

<../Figures/manual/optionalD5.jpg, id=353, 1079.83424pt x 552.26324pt>
File: ../Figures/manual/optionalD5.jpg Graphic file (type jpg)

<use ../Figures/manual/optionalD5.jpg>
Package pdftex.def Info: ../Figures/manual/optionalD5.jpg used on input line 58
1.
(pdftex.def)             Requested size: 452.9679pt x 231.66246pt.
 [34 <../Figures/manual/optionalD3.jpg> <../Figures/manual/optionalD4.jpg>]
<../Figures/manual/optionalD6.jpg, id=358, 1358.82657pt x 688.82344pt>
File: ../Figures/manual/optionalD6.jpg Graphic file (type jpg)

<use ../Figures/manual/optionalD6.jpg>
Package pdftex.def Info: ../Figures/manual/optionalD6.jpg used on input line 58
8.
(pdftex.def)             Requested size: 452.9679pt x 229.61426pt.

<../Figures/manual/optionalD7.jpg, id=359, 1086.459pt x 552.26324pt>
File: ../Figures/manual/optionalD7.jpg Graphic file (type jpg)

<use ../Figures/manual/optionalD7.jpg>
Package pdftex.def Info: ../Figures/manual/optionalD7.jpg used on input line 59
5.
(pdftex.def)             Requested size: 452.9679pt x 230.24675pt.
 [35 <../Figures/manual/optionalD5.jpg> <../Figures/manual/optionalD6.jpg>]
<../Figures/manual/optionalE1.jpg, id=371, 1352.05125pt x 690.32906pt>
File: ../Figures/manual/optionalE1.jpg Graphic file (type jpg)

<use ../Figures/manual/optionalE1.jpg>
Package pdftex.def Info: ../Figures/manual/optionalE1.jpg used on input line 61
3.
(pdftex.def)             Requested size: 452.9679pt x 231.27483pt.
 [36 <../Figures/manual/optionalD7.jpg>]
<../Figures/manual/optionalE2.jpg, id=383, 1355.8153pt x 691.83469pt>
File: ../Figures/manual/optionalE2.jpg Graphic file (type jpg)

<use ../Figures/manual/optionalE2.jpg>
Package pdftex.def Info: ../Figures/manual/optionalE2.jpg used on input line 62
0.
(pdftex.def)             Requested size: 452.9679pt x 231.1353pt.

<../Figures/manual/optionalE3.jpg, id=384, 1082.24326pt x 551.661pt>
File: ../Figures/manual/optionalE3.jpg Graphic file (type jpg)

<use ../Figures/manual/optionalE3.jpg>
Package pdftex.def Info: ../Figures/manual/optionalE3.jpg used on input line 62
7.
(pdftex.def)             Requested size: 452.9679pt x 230.89636pt.
 [37 <../Figures/manual/optionalE1.jpg> <../Figures/manual/optionalE2.jpg>]
<../Figures/manual/optionalE4.jpg, id=390, 1085.85675pt x 552.26324pt>
File: ../Figures/manual/optionalE4.jpg Graphic file (type jpg)

<use ../Figures/manual/optionalE4.jpg>
Package pdftex.def Info: ../Figures/manual/optionalE4.jpg used on input line 63
4.
(pdftex.def)             Requested size: 452.9679pt x 230.37315pt.

<../Figures/manual/optionalE5.jpg, id=391, 1355.8153pt x 691.08188pt>
File: ../Figures/manual/optionalE5.jpg Graphic file (type jpg)

<use ../Figures/manual/optionalE5.jpg>
Package pdftex.def Info: ../Figures/manual/optionalE5.jpg used on input line 64
1.
(pdftex.def)             Requested size: 452.9679pt x 230.88379pt.
 [38 <../Figures/manual/optionalE3.jpg> <../Figures/manual/optionalE4.jpg>]
<../Figures/manual/optionalE6.jpg, id=396, 1079.83424pt x 552.26324pt>
File: ../Figures/manual/optionalE6.jpg Graphic file (type jpg)

<use ../Figures/manual/optionalE6.jpg>
Package pdftex.def Info: ../Figures/manual/optionalE6.jpg used on input line 64
8.
(pdftex.def)             Requested size: 452.9679pt x 231.66246pt.

<../Figures/manual/optionalE7.jpg, id=397, 258.21469pt x 444.15938pt>
File: ../Figures/manual/optionalE7.jpg Graphic file (type jpg)

<use ../Figures/manual/optionalE7.jpg>
Package pdftex.def Info: ../Figures/manual/optionalE7.jpg used on input line 65
5.
(pdftex.def)             Requested size: 271.7835pt x 467.5468pt.
 [39 <../Figures/manual/optionalE5.jpg> <../Figures/manual/optionalE6.jpg>]
Package atveryend Info: Empty hook `BeforeClearDocument' on input line 662.
 [40 <../Figures/manual/optionalE7.jpg>]
Package atveryend Info: Empty hook `AfterLastShipout' on input line 662.

(./manual.aux)
Package atveryend Info: Executing hook `AtVeryEndDocument' on input line 662.
Package atveryend Info: Executing hook `AtEndAfterFileList' on input line 662.
Package rerunfilecheck Info: File `manual.out' has not changed.
(rerunfilecheck)             Checksum: 9FEE8D0CF51DDC6DDF3FA64043471EC3;513.
Package atveryend Info: Empty hook `AtVeryVeryEnd' on input line 662.
 ) 
Here is how much of TeX's memory you used:
 8829 strings out of 493014
 135718 string characters out of 6133351
 314492 words of memory out of 5000000
 12069 multiletter control sequences out of 15000+600000
 28933 words of font info for 63 fonts, out of 8000000 for 9000
 1141 hyphenation exceptions out of 8191
 37i,7n,39p,487b,325s stack positions out of 5000i,500n,10000p,200000b,80000s
{/usr/local/texlive/2016/texmf-dist/fonts/enc/dvips/cm-super/cm-super-t1.enc}
{/usr/local/texlive/2016/texmf-dist/fonts/enc/dvips/base/8r.enc}</usr/local/tex
live/2016/texmf-dist/fonts/type1/public/cm-super/sftt1095.pfb></usr/local/texli
ve/2016/texmf-dist/fonts/type1/urw/palatino/uplb8a.pfb></usr/local/texlive/2016
/texmf-dist/fonts/type1/urw/palatino/uplbi8a.pfb></usr/local/texlive/2016/texmf
-dist/fonts/type1/urw/palatino/uplr8a.pfb></usr/local/texlive/2016/texmf-dist/f
onts/type1/urw/palatino/uplri8a.pfb>
Output written on manual.pdf (40 pages, 8975417 bytes).
PDF statistics:
 456 PDF objects out of 1000 (max. 8388607)
 337 compressed objects within 4 object streams
 118 named destinations out of 1000 (max. 500000)
 413 words of extra memory for PDF output out of 10000 (max. 10000000)

